0 info it worked if it ends with ok
1 verbose cli [ '/usr/bin/node',
1 verbose cli   '/usr/bin/npm',
1 verbose cli   'view',
1 verbose cli   '--json',
1 verbose cli   '@src/routers',
1 verbose cli   'description',
1 verbose cli   'dist-tags.latest',
1 verbose cli   'homepage',
1 verbose cli   'version' ]
2 info using npm@3.5.2
3 info using node@v8.10.0
4 silly mapToRegistry name @src/routers
5 silly mapToRegistry scope (from package name) @src
6 verbose mapToRegistry no registry URL found in name for scope @src
7 silly mapToRegistry using default registry
8 silly mapToRegistry registry https://registry.npmjs.org/
9 silly mapToRegistry uri https://registry.npmjs.org/@src%2frouters
10 verbose request uri https://registry.npmjs.org/@src%2frouters
11 verbose request no auth needed
12 info attempt registry request try #1 at 4:36:23 PM
13 verbose request id f7b3be184177807d
14 http request GET https://registry.npmjs.org/@src%2frouters
15 http 404 https://registry.npmjs.org/@src%2frouters
16 verbose headers { date: 'Tue, 26 Oct 2021 19:36:24 GMT',
16 verbose headers   'content-type': 'application/json',
16 verbose headers   'content-length': '21',
16 verbose headers   connection: 'keep-alive',
16 verbose headers   'expect-ct': 'max-age=604800, report-uri="https://report-uri.cloudflare.com/cdn-cgi/beacon/expect-ct"',
16 verbose headers   vary: 'Accept-Encoding',
16 verbose headers   server: 'cloudflare',
16 verbose headers   'cf-ray': '6a46221c9ea708b8-EZE' }
17 silly get cb [ 404,
17 silly get   { date: 'Tue, 26 Oct 2021 19:36:24 GMT',
17 silly get     'content-type': 'application/json',
17 silly get     'content-length': '21',
17 silly get     connection: 'keep-alive',
17 silly get     'expect-ct': 'max-age=604800, report-uri="https://report-uri.cloudflare.com/cdn-cgi/beacon/expect-ct"',
17 silly get     vary: 'Accept-Encoding',
17 silly get     server: 'cloudflare',
17 silly get     'cf-ray': '6a46221c9ea708b8-EZE' } ]
18 verbose stack Error: Not found : @src/routers
18 verbose stack     at makeError (/usr/share/npm/node_modules/npm-registry-client/lib/request.js:264:12)
18 verbose stack     at CachingRegistryClient.<anonymous> (/usr/share/npm/node_modules/npm-registry-client/lib/request.js:252:14)
18 verbose stack     at Request._callback (/usr/share/npm/node_modules/npm-registry-client/lib/request.js:172:14)
18 verbose stack     at Request.self.callback (/usr/share/npm/node_modules/request/request.js:198:22)
18 verbose stack     at emitTwo (events.js:126:13)
18 verbose stack     at Request.emit (events.js:214:7)
18 verbose stack     at Request.<anonymous> (/usr/share/npm/node_modules/request/request.js:1082:10)
18 verbose stack     at emitOne (events.js:121:20)
18 verbose stack     at Request.emit (events.js:211:7)
18 verbose stack     at IncomingMessage.<anonymous> (/usr/share/npm/node_modules/request/request.js:1009:12)
19 verbose statusCode 404
20 verbose pkgid @src/routers
21 verbose cwd /home/wilmeraular/proyectos/personal/api-presentation
22 error Linux 5.4.0-89-generic
23 error argv "/usr/bin/node" "/usr/bin/npm" "view" "--json" "@src/routers" "description" "dist-tags.latest" "homepage" "version"
24 error node v8.10.0
25 error npm  v3.5.2
26 error code E404
27 error 404 Not found : @src/routers
28 error 404
29 error 404 '@src/routers' is not in the npm registry.
30 error 404 You should bug the author to publish it (or use the name yourself!)
31 error 404 Note that you can also install from a
32 error 404 tarball, folder, http url, or git url.
33 verbose exit [ 1, true ]
